# JRE version: OpenJDK Runtime Environment Temurin-21.0.5+11 (21.0.5+11) (build 21.0.5+11-LTS)
# Java VM: OpenJDK 64-Bit Server VM Temurin-21.0.5+11 (21.0.5+11-LTS, mixed mode, sharing, tiered, compressed oops, compressed class ptrs, g1 gc, linux-amd64)
GC Precious Log:
 CardTable entry size: 512
 Card Set container configuration: InlinePtr #cards 5 size 8 Array Of Cards #cards 12 size 40 Howl #buckets 4 coarsen threshold 1843 Howl Bitmap #cards 512 size 80 coarsen threshold 460 Card regions per heap region 1 cards per card region 2048
 CPUs: 2 total, 2 available
 Memory: 2048M
 Large Page Support: Disabled
 NUMA Support: Disabled
 Compressed Oops: Enabled (32-bit)
 Heap Region Size: 1M
 Heap Min Capacity: 8M
 Heap Initial Capacity: 32M
 Heap Max Capacity: 512M
 Pre-touch: Disabled
 Parallel Workers: 2
 Concurrent Workers: 1
 Concurrent Refinement Workers: 2
 Periodic GC: Disabled
Heap:
 garbage-first heap   total 138240K, used 87040K [0x00000000e0000000, 0x0000000100000000)
  region size 1024K, 4 young (4096K), 4 survivors (4096K)
 Metaspace       used 80749K, committed 83200K, reserved 344064K
  class space    used 11208K, committed 12416K, reserved 212992K
GC Heap History (20 events):
Event: 18.458 GC heap after
{Heap after GC invocations=42 (full 0):
 garbage-first heap   total 79872K, used 51941K [0x00000000e0000000, 0x0000000100000000)
  region size 1024K, 2 young (2048K), 2 survivors (2048K)
 Metaspace       used 60461K, committed 62592K, reserved 278528K
  class space    used 8716K, committed 9792K, reserved 212992K
}
Event: 19.184 GC heap before
{Heap before GC invocations=43 (full 0):
 garbage-first heap   total 91136K, used 72421K [0x00000000e0000000, 0x0000000100000000)
  region size 1024K, 21 young (21504K), 2 survivors (2048K)
 Metaspace       used 61854K, committed 64064K, reserved 278528K
  class space    used 8874K, committed 9984K, reserved 212992K
}
Event: 19.190 GC heap after
{Heap after GC invocations=44 (full 0):
 garbage-first heap   total 91136K, used 53789K [0x00000000e0000000, 0x0000000100000000)
  region size 1024K, 3 young (3072K), 3 survivors (3072K)
 Metaspace       used 61854K, committed 64064K, reserved 278528K
  class space    used 8874K, committed 9984K, reserved 212992K
}
Event: 21.368 GC heap before
{Heap before GC invocations=44 (full 0):
 garbage-first heap   total 91136K, used 80413K [0x00000000e0000000, 0x0000000100000000)
  region size 1024K, 30 young (30720K), 3 survivors (3072K)
 Metaspace       used 66399K, committed 68800K, reserved 278528K
  class space    used 9428K, committed 10624K, reserved 212992K
}
Event: 21.379 GC heap after
{Heap after GC invocations=45 (full 0):
 garbage-first heap   total 91136K, used 56781K [0x00000000e0000000, 0x0000000100000000)
  region size 1024K, 4 young (4096K), 4 survivors (4096K)
 Metaspace       used 66399K, committed 68800K, reserved 278528K
  class space    used 9428K, committed 10624K, reserved 212992K
}
Event: 22.554 GC heap before
{Heap before GC invocations=45 (full 0):
 garbage-first heap   total 91136K, used 79309K [0x00000000e0000000, 0x0000000100000000)
  region size 1024K, 27 young (27648K), 4 survivors (4096K)
 Metaspace       used 67651K, committed 69952K, reserved 278528K
  class space    used 9538K, committed 10688K, reserved 212992K
}
Event: 22.565 GC heap after
{Heap after GC invocations=46 (full 0):
 garbage-first heap   total 91136K, used 59581K [0x00000000e0000000, 0x0000000100000000)
  region size 1024K, 3 young (3072K), 3 survivors (3072K)
 Metaspace       used 67651K, committed 69952K, reserved 278528K
  class space    used 9538K, committed 10688K, reserved 212992K
}
Event: 23.420 GC heap before
{Heap before GC invocations=47 (full 0):
 garbage-first heap   total 101376K, used 81085K [0x00000000e0000000, 0x0000000100000000)
  region size 1024K, 24 young (24576K), 3 survivors (3072K)
 Metaspace       used 68491K, committed 70848K, reserved 278528K
  class space    used 9637K, committed 10816K, reserved 212992K
}
Event: 23.453 GC heap after
{Heap after GC invocations=48 (full 0):
 garbage-first heap   total 101376K, used 60696K [0x00000000e0000000, 0x0000000100000000)
  region size 1024K, 2 young (2048K), 2 survivors (2048K)
 Metaspace       used 68491K, committed 70848K, reserved 278528K
  class space    used 9637K, committed 10816K, reserved 212992K
}
Event: 24.476 GC heap before
{Heap before GC invocations=48 (full 0):
 garbage-first heap   total 101376K, used 90392K [0x00000000e0000000, 0x0000000100000000)
  region size 1024K, 32 young (32768K), 2 survivors (2048K)
 Metaspace       used 70567K, committed 72960K, reserved 278528K
  class space    used 9954K, committed 11136K, reserved 212992K
}
Event: 24.495 GC heap after
{Heap after GC invocations=49 (full 0):
 garbage-first heap   total 101376K, used 61358K [0x00000000e0000000, 0x0000000100000000)
  region size 1024K, 3 young (3072K), 3 survivors (3072K)
 Metaspace       used 70567K, committed 72960K, reserved 278528K
  class space    used 9954K, committed 11136K, reserved 212992K
}
Event: 25.752 GC heap before
{Heap before GC invocations=49 (full 0):
 garbage-first heap   total 101376K, used 90030K [0x00000000e0000000, 0x0000000100000000)
  region size 1024K, 32 young (32768K), 3 survivors (3072K)
 Metaspace       used 72558K, committed 74944K, reserved 278528K
  class space    used 10224K, committed 11392K, reserved 212992K
}
Event: 25.767 GC heap after
{Heap after GC invocations=50 (full 0):
 garbage-first heap   total 101376K, used 65217K [0x00000000e0000000, 0x0000000100000000)
  region size 1024K, 4 young (4096K), 4 survivors (4096K)
 Metaspace       used 72558K, committed 74944K, reserved 278528K
  class space    used 10224K, committed 11392K, reserved 212992K
}
Event: 26.760 GC heap before
{Heap before GC invocations=51 (full 0):
 garbage-first heap   total 109568K, used 89793K [0x00000000e0000000, 0x0000000100000000)
  region size 1024K, 29 young (29696K), 4 survivors (4096K)
 Metaspace       used 73624K, committed 76032K, reserved 278528K
  class space    used 10387K, committed 11584K, reserved 212992K
}
Event: 26.770 GC heap after
{Heap after GC invocations=52 (full 0):
 garbage-first heap   total 109568K, used 66338K [0x00000000e0000000, 0x0000000100000000)
  region size 1024K, 2 young (2048K), 2 survivors (2048K)
 Metaspace       used 73624K, committed 76032K, reserved 278528K
  class space    used 10387K, committed 11584K, reserved 212992K
}
Event: 28.176 GC heap before
{Heap before GC invocations=52 (full 0):
 garbage-first heap   total 109568K, used 108322K [0x00000000e0000000, 0x0000000100000000)
  region size 1024K, 34 young (34816K), 2 survivors (2048K)
 Metaspace       used 80590K, committed 83008K, reserved 344064K
  class space    used 11203K, committed 12416K, reserved 212992K
}
Event: 28.263 GC heap after
{Heap after GC invocations=53 (full 0):
 garbage-first heap   total 119808K, used 76288K [0x00000000e0000000, 0x0000000100000000)
  region size 1024K, 5 young (5120K), 5 survivors (5120K)
 Metaspace       used 80590K, committed 83008K, reserved 344064K
  class space    used 11203K, committed 12416K, reserved 212992K
}
Event: 28.777 GC heap before
{Heap before GC invocations=53 (full 0):
 garbage-first heap   total 119808K, used 90624K [0x00000000e0000000, 0x0000000100000000)
  region size 1024K, 20 young (20480K), 5 survivors (5120K)
 Metaspace       used 80696K, committed 83136K, reserved 344064K
  class space    used 11205K, committed 12416K, reserved 212992K
}
Event: 28.798 GC heap after
{Heap after GC invocations=54 (full 0):
 garbage-first heap   total 119808K, used 81824K [0x00000000e0000000, 0x0000000100000000)
  region size 1024K, 5 young (5120K), 5 survivors (5120K)
 Metaspace       used 80696K, committed 83136K, reserved 344064K
  class space    used 11205K, committed 12416K, reserved 212992K
}
Event: 29.690 GC heap before
{Heap before GC invocations=55 (full 0):
 garbage-first heap   total 138240K, used 106400K [0x00000000e0000000, 0x0000000100000000)
  region size 1024K, 28 young (28672K), 5 survivors (5120K)
 Metaspace       used 80749K, committed 83200K, reserved 344064K
  class space    used 11208K, committed 12416K, reserved 212992K
}

