# JRE version: OpenJDK Runtime Environment Temurin-21.0.5+11 (21.0.5+11) (build 21.0.5+11-LTS)
# Java VM: OpenJDK 64-Bit Server VM Temurin-21.0.5+11 (21.0.5+11-LTS, mixed mode, sharing, tiered, compressed oops, compressed class ptrs, g1 gc, linux-amd64)
GC Precious Log:
 CardTable entry size: 512
 Card Set container configuration: InlinePtr #cards 5 size 8 Array Of Cards #cards 12 size 40 Howl #buckets 4 coarsen threshold 1843 Howl Bitmap #cards 512 size 80 coarsen threshold 460 Card regions per heap region 1 cards per card region 2048
 CPUs: 2 total, 2 available
 Memory: 2048M
 Large Page Support: Disabled
 NUMA Support: Disabled
 Compressed Oops: Enabled (32-bit)
 Heap Region Size: 1M
 Heap Min Capacity: 8M
 Heap Initial Capacity: 32M
 Heap Max Capacity: 512M
 Pre-touch: Disabled
 Parallel Workers: 2
 Concurrent Workers: 1
 Concurrent Refinement Workers: 2
 Periodic GC: Disabled
Heap:
 garbage-first heap   total 135168K, used 102400K [0x00000000e0000000, 0x0000000100000000)
  region size 1024K, 10 young (10240K), 4 survivors (4096K)
 Metaspace       used 80847K, committed 83264K, reserved 344064K
  class space    used 11218K, committed 12416K, reserved 212992K
GC Heap History (20 events):
Event: 21.040 GC heap before
{Heap before GC invocations=31 (full 0):
 garbage-first heap   total 89088K, used 78901K [0x00000000e0000000, 0x0000000100000000)
  region size 1024K, 26 young (26624K), 3 survivors (3072K)
 Metaspace       used 67858K, committed 70208K, reserved 278528K
  class space    used 9577K, committed 10752K, reserved 212992K
}
Event: 21.048 GC heap after
{Heap after GC invocations=32 (full 0):
 garbage-first heap   total 89088K, used 59482K [0x00000000e0000000, 0x0000000100000000)
  region size 1024K, 4 young (4096K), 4 survivors (4096K)
 Metaspace       used 67858K, committed 70208K, reserved 278528K
  class space    used 9577K, committed 10752K, reserved 212992K
}
Event: 21.798 GC heap before
{Heap before GC invocations=33 (full 0):
 garbage-first heap   total 101376K, used 76890K [0x00000000e0000000, 0x0000000100000000)
  region size 1024K, 22 young (22528K), 4 survivors (4096K)
 Metaspace       used 68438K, committed 70784K, reserved 278528K
  class space    used 9646K, committed 10816K, reserved 212992K
}
Event: 21.805 GC heap after
{Heap after GC invocations=34 (full 0):
 garbage-first heap   total 101376K, used 60234K [0x00000000e0000000, 0x0000000100000000)
  region size 1024K, 2 young (2048K), 2 survivors (2048K)
 Metaspace       used 68438K, committed 70784K, reserved 278528K
  class space    used 9646K, committed 10816K, reserved 212992K
}
Event: 22.896 GC heap before
{Heap before GC invocations=34 (full 0):
 garbage-first heap   total 101376K, used 91978K [0x00000000e0000000, 0x0000000100000000)
  region size 1024K, 33 young (33792K), 2 survivors (2048K)
 Metaspace       used 70505K, committed 72832K, reserved 278528K
  class space    used 9959K, committed 11136K, reserved 212992K
}
Event: 22.911 GC heap after
{Heap after GC invocations=35 (full 0):
 garbage-first heap   total 101376K, used 61734K [0x00000000e0000000, 0x0000000100000000)
  region size 1024K, 4 young (4096K), 4 survivors (4096K)
 Metaspace       used 70505K, committed 72832K, reserved 278528K
  class space    used 9959K, committed 11136K, reserved 212992K
}
Event: 24.036 GC heap before
{Heap before GC invocations=35 (full 0):
 garbage-first heap   total 101376K, used 89382K [0x00000000e0000000, 0x0000000100000000)
  region size 1024K, 32 young (32768K), 4 survivors (4096K)
 Metaspace       used 71948K, committed 74368K, reserved 278528K
  class space    used 10173K, committed 11392K, reserved 212992K
}
Event: 24.082 GC heap after
{Heap after GC invocations=36 (full 0):
 garbage-first heap   total 101376K, used 64489K [0x00000000e0000000, 0x0000000100000000)
  region size 1024K, 3 young (3072K), 3 survivors (3072K)
 Metaspace       used 71948K, committed 74368K, reserved 278528K
  class space    used 10173K, committed 11392K, reserved 212992K
}
Event: 25.412 GC heap before
{Heap before GC invocations=37 (full 0):
 garbage-first heap   total 107520K, used 91113K [0x00000000e0000000, 0x0000000100000000)
  region size 1024K, 30 young (30720K), 3 survivors (3072K)
 Metaspace       used 73143K, committed 75520K, reserved 278528K
  class space    used 10296K, committed 11520K, reserved 212992K
}
Event: 25.422 GC heap after
{Heap after GC invocations=38 (full 0):
 garbage-first heap   total 107520K, used 66305K [0x00000000e0000000, 0x0000000100000000)
  region size 1024K, 2 young (2048K), 2 survivors (2048K)
 Metaspace       used 73143K, committed 75520K, reserved 278528K
  class space    used 10296K, committed 11520K, reserved 212992K
}
Event: 26.555 GC heap before
{Heap before GC invocations=38 (full 0):
 garbage-first heap   total 107520K, used 106241K [0x00000000e0000000, 0x0000000100000000)
  region size 1024K, 32 young (32768K), 2 survivors (2048K)
 Metaspace       used 79121K, committed 81536K, reserved 344064K
  class space    used 11065K, committed 12288K, reserved 212992K
}
Event: 26.590 GC heap after
{Heap after GC invocations=39 (full 0):
 garbage-first heap   total 116736K, used 75256K [0x00000000e0000000, 0x0000000100000000)
  region size 1024K, 5 young (5120K), 5 survivors (5120K)
 Metaspace       used 79121K, committed 81536K, reserved 344064K
  class space    used 11065K, committed 12288K, reserved 212992K
}
Event: 27.407 GC heap before
{Heap before GC invocations=39 (full 0):
 garbage-first heap   total 116736K, used 94712K [0x00000000e0000000, 0x0000000100000000)
  region size 1024K, 26 young (26624K), 5 survivors (5120K)
 Metaspace       used 80694K, committed 83136K, reserved 344064K
  class space    used 11211K, committed 12416K, reserved 212992K
}
Event: 27.424 GC heap after
{Heap after GC invocations=40 (full 0):
 garbage-first heap   total 116736K, used 81524K [0x00000000e0000000, 0x0000000100000000)
  region size 1024K, 5 young (5120K), 5 survivors (5120K)
 Metaspace       used 80694K, committed 83136K, reserved 344064K
  class space    used 11211K, committed 12416K, reserved 212992K
}
Event: 28.287 GC heap before
{Heap before GC invocations=41 (full 0):
 garbage-first heap   total 135168K, used 102004K [0x00000000e0000000, 0x0000000100000000)
  region size 1024K, 26 young (26624K), 5 survivors (5120K)
 Metaspace       used 80778K, committed 83200K, reserved 344064K
  class space    used 11214K, committed 12416K, reserved 212992K
}
Event: 28.326 GC heap after
{Heap after GC invocations=42 (full 0):
 garbage-first heap   total 135168K, used 84480K [0x00000000e0000000, 0x0000000100000000)
  region size 1024K, 4 young (4096K), 4 survivors (4096K)
 Metaspace       used 80778K, committed 83200K, reserved 344064K
  class space    used 11214K, committed 12416K, reserved 212992K
}
Event: 30.133 GC heap before
{Heap before GC invocations=42 (full 0):
 garbage-first heap   total 135168K, used 117248K [0x00000000e0000000, 0x0000000100000000)
  region size 1024K, 36 young (36864K), 4 survivors (4096K)
 Metaspace       used 80819K, committed 83200K, reserved 344064K
  class space    used 11216K, committed 12416K, reserved 212992K
}
Event: 30.199 GC heap after
{Heap after GC invocations=43 (full 0):
 garbage-first heap   total 135168K, used 91648K [0x00000000e0000000, 0x0000000100000000)
  region size 1024K, 5 young (5120K), 5 survivors (5120K)
 Metaspace       used 80819K, committed 83200K, reserved 344064K
  class space    used 11216K, committed 12416K, reserved 212992K
}
Event: 31.693 GC heap before
{Heap before GC invocations=43 (full 0):
 garbage-first heap   total 135168K, used 118272K [0x00000000e0000000, 0x0000000100000000)
  region size 1024K, 31 young (31744K), 5 survivors (5120K)
 Metaspace       used 80842K, committed 83264K, reserved 344064K
  class space    used 11218K, committed 12416K, reserved 212992K
}
Event: 31.766 GC heap after
{Heap after GC invocations=44 (full 0):
 garbage-first heap   total 135168K, used 98304K [0x00000000e0000000, 0x0000000100000000)
  region size 1024K, 4 young (4096K), 4 survivors (4096K)
 Metaspace       used 80842K, committed 83264K, reserved 344064K
  class space    used 11218K, committed 12416K, reserved 212992K
}

