# JRE version: OpenJDK Runtime Environment Temurin-21.0.5+11 (21.0.5+11) (build 21.0.5+11-LTS)
# Java VM: OpenJDK 64-Bit Server VM Temurin-21.0.5+11 (21.0.5+11-LTS, mixed mode, sharing, tiered, compressed oops, compressed class ptrs, g1 gc, linux-amd64)
GC Precious Log:
 CardTable entry size: 512
 Card Set container configuration: InlinePtr #cards 5 size 8 Array Of Cards #cards 12 size 40 Howl #buckets 4 coarsen threshold 1843 Howl Bitmap #cards 512 size 80 coarsen threshold 460 Card regions per heap region 1 cards per card region 2048
 CPUs: 2 total, 2 available
 Memory: 2048M
 Large Page Support: Disabled
 NUMA Support: Disabled
 Compressed Oops: Enabled (32-bit)
 Heap Region Size: 1M
 Heap Min Capacity: 8M
 Heap Initial Capacity: 32M
 Heap Max Capacity: 512M
 Pre-touch: Disabled
 Parallel Workers: 2
 Concurrent Workers: 1
 Concurrent Refinement Workers: 2
 Periodic GC: Disabled
Heap:
 garbage-first heap   total 122880K, used 104960K [0x00000000e0000000, 0x0000000100000000)
  region size 1024K, 19 young (19456K), 4 survivors (4096K)
 Metaspace       used 80726K, committed 83136K, reserved 344064K
  class space    used 11209K, committed 12416K, reserved 212992K
GC Heap History (20 events):
Event: 17.841 GC heap before
{Heap before GC invocations=46 (full 0):
 garbage-first heap   total 94208K, used 81147K [0x00000000e0000000, 0x0000000100000000)
  region size 1024K, 34 young (34816K), 4 survivors (4096K)
 Metaspace       used 61975K, committed 64256K, reserved 278528K
  class space    used 8904K, committed 10048K, reserved 212992K
}
Event: 17.903 GC heap after
{Heap after GC invocations=47 (full 0):
 garbage-first heap   total 94208K, used 54020K [0x00000000e0000000, 0x0000000100000000)
  region size 1024K, 4 young (4096K), 4 survivors (4096K)
 Metaspace       used 61975K, committed 64256K, reserved 278528K
  class space    used 8904K, committed 10048K, reserved 212992K
}
Event: 19.961 GC heap before
{Heap before GC invocations=47 (full 0):
 garbage-first heap   total 94208K, used 82692K [0x00000000e0000000, 0x0000000100000000)
  region size 1024K, 33 young (33792K), 4 survivors (4096K)
 Metaspace       used 66785K, committed 69120K, reserved 278528K
  class space    used 9469K, committed 10624K, reserved 212992K
}
Event: 20.000 GC heap after
{Heap after GC invocations=48 (full 0):
 garbage-first heap   total 94208K, used 57350K [0x00000000e0000000, 0x0000000100000000)
  region size 1024K, 4 young (4096K), 4 survivors (4096K)
 Metaspace       used 66785K, committed 69120K, reserved 278528K
  class space    used 9469K, committed 10624K, reserved 212992K
}
Event: 21.107 GC heap before
{Heap before GC invocations=48 (full 0):
 garbage-first heap   total 94208K, used 82950K [0x00000000e0000000, 0x0000000100000000)
  region size 1024K, 29 young (29696K), 4 survivors (4096K)
 Metaspace       used 68230K, committed 70592K, reserved 278528K
  class space    used 9619K, committed 10816K, reserved 212992K
}
Event: 21.118 GC heap after
{Heap after GC invocations=49 (full 0):
 garbage-first heap   total 94208K, used 59860K [0x00000000e0000000, 0x0000000100000000)
  region size 1024K, 3 young (3072K), 3 survivors (3072K)
 Metaspace       used 68230K, committed 70592K, reserved 278528K
  class space    used 9619K, committed 10816K, reserved 212992K
}
Event: 22.099 GC heap before
{Heap before GC invocations=50 (full 0):
 garbage-first heap   total 101376K, used 83412K [0x00000000e0000000, 0x0000000100000000)
  region size 1024K, 27 young (27648K), 3 survivors (3072K)
 Metaspace       used 69340K, committed 71680K, reserved 278528K
  class space    used 9778K, committed 10944K, reserved 212992K
}
Event: 22.110 GC heap after
{Heap after GC invocations=51 (full 0):
 garbage-first heap   total 101376K, used 60499K [0x00000000e0000000, 0x0000000100000000)
  region size 1024K, 2 young (2048K), 2 survivors (2048K)
 Metaspace       used 69340K, committed 71680K, reserved 278528K
  class space    used 9778K, committed 10944K, reserved 212992K
}
Event: 23.205 GC heap before
{Heap before GC invocations=51 (full 0):
 garbage-first heap   total 101376K, used 91219K [0x00000000e0000000, 0x0000000100000000)
  region size 1024K, 32 young (32768K), 2 survivors (2048K)
 Metaspace       used 71502K, committed 73920K, reserved 278528K
  class space    used 10132K, committed 11328K, reserved 212992K
}
Event: 23.217 GC heap after
{Heap after GC invocations=52 (full 0):
 garbage-first heap   total 101376K, used 62316K [0x00000000e0000000, 0x0000000100000000)
  region size 1024K, 4 young (4096K), 4 survivors (4096K)
 Metaspace       used 71502K, committed 73920K, reserved 278528K
  class space    used 10132K, committed 11328K, reserved 212992K
}
Event: 24.246 GC heap before
{Heap before GC invocations=52 (full 0):
 garbage-first heap   total 101376K, used 89964K [0x00000000e0000000, 0x0000000100000000)
  region size 1024K, 32 young (32768K), 4 survivors (4096K)
 Metaspace       used 72513K, committed 74944K, reserved 278528K
  class space    used 10217K, committed 11456K, reserved 212992K
}
Event: 24.313 GC heap after
{Heap after GC invocations=53 (full 0):
 garbage-first heap   total 101376K, used 64783K [0x00000000e0000000, 0x0000000100000000)
  region size 1024K, 3 young (3072K), 3 survivors (3072K)
 Metaspace       used 72513K, committed 74944K, reserved 278528K
  class space    used 10217K, committed 11456K, reserved 212992K
}
Event: 25.213 GC heap before
{Heap before GC invocations=53 (full 0):
 garbage-first heap   total 101376K, used 83215K [0x00000000e0000000, 0x0000000100000000)
  region size 1024K, 23 young (23552K), 3 survivors (3072K)
 Metaspace       used 74918K, committed 77312K, reserved 278528K
  class space    used 10561K, committed 11776K, reserved 212992K
}
Event: 25.224 GC heap after
{Heap after GC invocations=54 (full 0):
 garbage-first heap   total 101376K, used 66142K [0x00000000e0000000, 0x0000000100000000)
  region size 1024K, 2 young (2048K), 2 survivors (2048K)
 Metaspace       used 74918K, committed 77312K, reserved 278528K
  class space    used 10561K, committed 11776K, reserved 212992K
}
Event: 26.405 GC heap before
{Heap before GC invocations=55 (full 0):
 garbage-first heap   total 121856K, used 100958K [0x00000000e0000000, 0x0000000100000000)
  region size 1024K, 27 young (27648K), 2 survivors (2048K)
 Metaspace       used 80448K, committed 82880K, reserved 344064K
  class space    used 11198K, committed 12416K, reserved 212992K
}
Event: 26.418 GC heap after
{Heap after GC invocations=56 (full 0):
 garbage-first heap   total 121856K, used 75996K [0x00000000e0000000, 0x0000000100000000)
  region size 1024K, 4 young (4096K), 4 survivors (4096K)
 Metaspace       used 80448K, committed 82880K, reserved 344064K
  class space    used 11198K, committed 12416K, reserved 212992K
}
Event: 27.328 GC heap before
{Heap before GC invocations=56 (full 0):
 garbage-first heap   total 121856K, used 108764K [0x00000000e0000000, 0x0000000100000000)
  region size 1024K, 36 young (36864K), 4 survivors (4096K)
 Metaspace       used 80633K, committed 83072K, reserved 344064K
  class space    used 11206K, committed 12416K, reserved 212992K
}
Event: 27.406 GC heap after
{Heap after GC invocations=57 (full 0):
 garbage-first heap   total 122880K, used 83968K [0x00000000e0000000, 0x0000000100000000)
  region size 1024K, 5 young (5120K), 5 survivors (5120K)
 Metaspace       used 80633K, committed 83072K, reserved 344064K
  class space    used 11206K, committed 12416K, reserved 212992K
}
Event: 28.001 GC heap before
{Heap before GC invocations=57 (full 0):
 garbage-first heap   total 122880K, used 108544K [0x00000000e0000000, 0x0000000100000000)
  region size 1024K, 30 young (30720K), 5 survivors (5120K)
 Metaspace       used 80691K, committed 83136K, reserved 344064K
  class space    used 11208K, committed 12416K, reserved 212992K
}
Event: 28.026 GC heap after
{Heap after GC invocations=58 (full 0):
 garbage-first heap   total 122880K, used 90624K [0x00000000e0000000, 0x0000000100000000)
  region size 1024K, 4 young (4096K), 4 survivors (4096K)
 Metaspace       used 80691K, committed 83136K, reserved 344064K
  class space    used 11208K, committed 12416K, reserved 212992K
}

