# JRE version: OpenJDK Runtime Environment Temurin-21.0.5+11 (21.0.5+11) (build 21.0.5+11-LTS)
# Java VM: OpenJDK 64-Bit Server VM Temurin-21.0.5+11 (21.0.5+11-LTS, mixed mode, sharing, tiered, compressed oops, compressed class ptrs, g1 gc, linux-amd64)
GC Precious Log:
 CardTable entry size: 512
 Card Set container configuration: InlinePtr #cards 5 size 8 Array Of Cards #cards 12 size 40 Howl #buckets 4 coarsen threshold 1843 Howl Bitmap #cards 512 size 80 coarsen threshold 460 Card regions per heap region 1 cards per card region 2048
 CPUs: 2 total, 2 available
 Memory: 2048M
 Large Page Support: Disabled
 NUMA Support: Disabled
 Compressed Oops: Enabled (32-bit)
 Heap Region Size: 1M
 Heap Min Capacity: 8M
 Heap Initial Capacity: 32M
 Heap Max Capacity: 512M
 Pre-touch: Disabled
 Parallel Workers: 2
 Concurrent Workers: 1
 Concurrent Refinement Workers: 2
 Periodic GC: Disabled
Heap:
 garbage-first heap   total 134144K, used 91648K [0x00000000e0000000, 0x0000000100000000)
  region size 1024K, 5 young (5120K), 5 survivors (5120K)
 Metaspace       used 75248K, committed 77632K, reserved 344064K
  class space    used 10622K, committed 11840K, reserved 212992K
GC Heap History (20 events):
Event: 20.980 GC heap after
{Heap after GC invocations=43 (full 0):
 garbage-first heap   total 89088K, used 56602K [0x00000000e0000000, 0x0000000100000000)
  region size 1024K, 3 young (3072K), 3 survivors (3072K)
 Metaspace       used 66469K, committed 68800K, reserved 278528K
  class space    used 9445K, committed 10624K, reserved 212992K
}
Event: 22.337 GC heap before
{Heap before GC invocations=43 (full 0):
 garbage-first heap   total 89088K, used 80154K [0x00000000e0000000, 0x0000000100000000)
  region size 1024K, 26 young (26624K), 3 survivors (3072K)
 Metaspace       used 67654K, committed 70016K, reserved 278528K
  class space    used 9555K, committed 10752K, reserved 212992K
}
Event: 22.346 GC heap after
{Heap after GC invocations=44 (full 0):
 garbage-first heap   total 89088K, used 59298K [0x00000000e0000000, 0x0000000100000000)
  region size 1024K, 3 young (3072K), 3 survivors (3072K)
 Metaspace       used 67654K, committed 70016K, reserved 278528K
  class space    used 9555K, committed 10752K, reserved 212992K
}
Event: 23.099 GC heap before
{Heap before GC invocations=45 (full 0):
 garbage-first heap   total 99328K, used 78754K [0x00000000e0000000, 0x0000000100000000)
  region size 1024K, 23 young (23552K), 3 survivors (3072K)
 Metaspace       used 68366K, committed 70720K, reserved 278528K
  class space    used 9647K, committed 10816K, reserved 212992K
}
Event: 23.138 GC heap after
{Heap after GC invocations=46 (full 0):
 garbage-first heap   total 99328K, used 60169K [0x00000000e0000000, 0x0000000100000000)
  region size 1024K, 2 young (2048K), 2 survivors (2048K)
 Metaspace       used 68366K, committed 70720K, reserved 278528K
  class space    used 9647K, committed 10816K, reserved 212992K
}
Event: 24.152 GC heap before
{Heap before GC invocations=46 (full 0):
 garbage-first heap   total 99328K, used 89865K [0x00000000e0000000, 0x0000000100000000)
  region size 1024K, 31 young (31744K), 2 survivors (2048K)
 Metaspace       used 70228K, committed 72576K, reserved 278528K
  class space    used 9931K, committed 11072K, reserved 212992K
}
Event: 24.163 GC heap after
{Heap after GC invocations=47 (full 0):
 garbage-first heap   total 99328K, used 61035K [0x00000000e0000000, 0x0000000100000000)
  region size 1024K, 3 young (3072K), 3 survivors (3072K)
 Metaspace       used 70228K, committed 72576K, reserved 278528K
  class space    used 9931K, committed 11072K, reserved 212992K
}
Event: 25.354 GC heap before
{Heap before GC invocations=47 (full 0):
 garbage-first heap   total 99328K, used 88683K [0x00000000e0000000, 0x0000000100000000)
  region size 1024K, 31 young (31744K), 3 survivors (3072K)
 Metaspace       used 71731K, committed 74112K, reserved 278528K
  class space    used 10169K, committed 11392K, reserved 212992K
}
Event: 25.380 GC heap after
{Heap after GC invocations=48 (full 0):
 garbage-first heap   total 99328K, used 63799K [0x00000000e0000000, 0x0000000100000000)
  region size 1024K, 3 young (3072K), 3 survivors (3072K)
 Metaspace       used 71731K, committed 74112K, reserved 278528K
  class space    used 10169K, committed 11392K, reserved 212992K
}
Event: 26.552 GC heap before
{Heap before GC invocations=49 (full 0):
 garbage-first heap   total 107520K, used 88375K [0x00000000e0000000, 0x0000000100000000)
  region size 1024K, 28 young (28672K), 3 survivors (3072K)
 Metaspace       used 72652K, committed 75072K, reserved 278528K
  class space    used 10234K, committed 11456K, reserved 212992K
}
Event: 26.567 GC heap after
{Heap after GC invocations=50 (full 0):
 garbage-first heap   total 107520K, used 65127K [0x00000000e0000000, 0x0000000100000000)
  region size 1024K, 2 young (2048K), 2 survivors (2048K)
 Metaspace       used 72652K, committed 75072K, reserved 278528K
  class space    used 10234K, committed 11456K, reserved 212992K
}
Event: 27.079 GC heap before
{Heap before GC invocations=50 (full 0):
 garbage-first heap   total 107520K, used 96871K [0x00000000e0000000, 0x0000000100000000)
  region size 1024K, 34 young (34816K), 2 survivors (2048K)
 Metaspace       used 73525K, committed 75904K, reserved 278528K
  class space    used 10393K, committed 11584K, reserved 212992K
}
Event: 27.147 GC heap after
{Heap after GC invocations=51 (full 0):
 garbage-first heap   total 107520K, used 70317K [0x00000000e0000000, 0x0000000100000000)
  region size 1024K, 5 young (5120K), 5 survivors (5120K)
 Metaspace       used 73525K, committed 75904K, reserved 278528K
  class space    used 10393K, committed 11584K, reserved 212992K
}
Event: 27.150 GC heap before
{Heap before GC invocations=51 (full 0):
 garbage-first heap   total 107520K, used 70317K [0x00000000e0000000, 0x0000000100000000)
  region size 1024K, 6 young (6144K), 5 survivors (5120K)
 Metaspace       used 73525K, committed 75904K, reserved 278528K
  class space    used 10393K, committed 11584K, reserved 212992K
}
Event: 27.160 GC heap after
{Heap after GC invocations=52 (full 0):
 garbage-first heap   total 107520K, used 71516K [0x00000000e0000000, 0x0000000100000000)
  region size 1024K, 1 young (1024K), 1 survivors (1024K)
 Metaspace       used 73525K, committed 75904K, reserved 278528K
  class space    used 10393K, committed 11584K, reserved 212992K
}
Event: 27.653 GC heap before
{Heap before GC invocations=52 (full 0):
 garbage-first heap   total 107520K, used 98140K [0x00000000e0000000, 0x0000000100000000)
  region size 1024K, 26 young (26624K), 1 survivors (1024K)
 Metaspace       used 73526K, committed 75904K, reserved 278528K
  class space    used 10393K, committed 11584K, reserved 212992K
}
Event: 27.671 GC heap after
{Heap after GC invocations=53 (full 0):
 garbage-first heap   total 107520K, used 77263K [0x00000000e0000000, 0x0000000100000000)
  region size 1024K, 4 young (4096K), 4 survivors (4096K)
 Metaspace       used 73526K, committed 75904K, reserved 278528K
  class space    used 10393K, committed 11584K, reserved 212992K
}
Event: 28.048 GC heap before
{Heap before GC invocations=54 (full 0):
 garbage-first heap   total 130048K, used 94671K [0x00000000e0000000, 0x0000000100000000)
  region size 1024K, 22 young (22528K), 4 survivors (4096K)
 Metaspace       used 73529K, committed 75904K, reserved 278528K
  class space    used 10393K, committed 11584K, reserved 212992K
}
Event: 28.069 GC heap after
{Heap after GC invocations=55 (full 0):
 garbage-first heap   total 130048K, used 82432K [0x00000000e0000000, 0x0000000100000000)
  region size 1024K, 3 young (3072K), 3 survivors (3072K)
 Metaspace       used 73529K, committed 75904K, reserved 278528K
  class space    used 10393K, committed 11584K, reserved 212992K
}
Event: 29.284 GC heap before
{Heap before GC invocations=55 (full 0):
 garbage-first heap   total 130048K, used 122368K [0x00000000e0000000, 0x0000000100000000)
  region size 1024K, 33 young (33792K), 3 survivors (3072K)
 Metaspace       used 75248K, committed 77632K, reserved 344064K
  class space    used 10622K, committed 11840K, reserved 212992K
}

